TN:
SF:src/logger.ts
FNF:0
FNH:0
DA:1,1
DA:2,1
DA:3,1
DA:4,1
DA:5,1
DA:6,1
DA:7,1
DA:8,1
LF:8
LH:8
BRF:0
BRH:0
end_of_record
TN:
SF:src/config/cep.ts
FNF:0
FNH:0
DA:1,1
DA:2,1
DA:3,1
DA:4,1
DA:5,1
DA:6,1
DA:7,1
LF:7
LH:7
BRF:0
BRH:0
end_of_record
TN:
SF:src/infra/index.ts
FNF:0
FNH:0
DA:1,0
LF:1
LH:0
BRDA:1,0,0,0
BRF:1
BRH:0
end_of_record
TN:
SF:src/infra/repositories/index.ts
FNF:0
FNH:0
DA:1,0
LF:1
LH:0
BRDA:1,0,0,0
BRF:1
BRH:0
end_of_record
TN:
SF:src/infra/repositories/cep/ICepRepository.ts
FNF:0
FNH:0
DA:1,1
DA:2,1
DA:3,1
DA:4,1
DA:5,1
LF:5
LH:5
BRF:0
BRH:0
end_of_record
TN:
SF:src/infra/repositories/cep/cepRepository.ts
FN:14,findAddress
FN:10,CepRepository
FNF:2
FNH:0
FNDA:0,findAddress
FNDA:0,CepRepository
DA:1,1
DA:2,1
DA:3,1
DA:4,1
DA:5,1
DA:6,1
DA:7,1
DA:8,1
DA:9,1
DA:10,1
DA:11,0
DA:12,0
DA:13,1
DA:14,1
DA:15,0
DA:16,0
DA:17,1
LF:17
LH:13
BRF:0
BRH:0
end_of_record
TN:
SF:src/infra/repositories/cep/index.ts
FNF:0
FNH:0
DA:1,1
DA:2,0
LF:2
LH:1
BRDA:2,0,0,0
BRF:1
BRH:0
end_of_record
TN:
SF:src/infra/repositories/inmemory/cepRepositoryInMemory.ts
FN:17,findAddress
FNF:1
FNH:1
FNDA:1,findAddress
DA:1,1
DA:2,1
DA:3,1
DA:4,1
DA:5,1
DA:6,1
DA:7,1
DA:8,1
DA:9,1
DA:10,1
DA:11,1
DA:12,1
DA:13,1
DA:14,1
DA:15,1
DA:16,1
DA:17,1
DA:18,1
DA:19,0
DA:20,1
DA:21,1
LF:21
LH:20
BRDA:17,0,0,1
BRDA:19,1,0,0
BRF:2
BRH:1
end_of_record
TN:
SF:src/main/index.ts
FNF:0
FNH:0
DA:1,0
DA:2,0
LF:2
LH:0
BRDA:1,0,0,0
BRDA:2,1,0,0
BRF:2
BRH:0
end_of_record
TN:
SF:src/main/adapters/adpterRoute.ts
FN:4,adapterRoute
FNF:1
FNH:0
FNDA:0,adapterRoute
DA:1,1
DA:2,1
DA:3,1
DA:4,1
DA:5,0
DA:6,0
DA:7,0
DA:8,0
DA:9,0
DA:10,0
DA:11,0
DA:12,0
DA:13,0
DA:14,0
DA:15,0
DA:16,0
DA:17,0
DA:18,0
DA:19,0
LF:19
LH:4
BRF:0
BRH:0
end_of_record
TN:
SF:src/main/adapters/index.ts
FNF:0
FNH:0
DA:1,0
LF:1
LH:0
BRDA:1,0,0,0
BRF:1
BRH:0
end_of_record
TN:
SF:src/main/factories/index.ts
FNF:0
FNH:0
DA:1,0
DA:2,0
LF:2
LH:0
BRDA:1,0,0,0
BRDA:2,1,0,0
BRF:2
BRH:0
end_of_record
TN:
SF:src/main/factories/controllers/index.ts
FNF:0
FNH:0
DA:1,0
DA:2,0
LF:2
LH:0
BRDA:1,0,0,0
BRDA:2,1,0,0
BRF:2
BRH:0
end_of_record
TN:
SF:src/main/factories/controllers/cep/index.ts
FNF:0
FNH:0
DA:1,0
LF:1
LH:0
BRDA:1,0,0,0
BRF:1
BRH:0
end_of_record
TN:
SF:src/main/factories/controllers/cep/makeFindAddressController.ts
FN:6,makeFindAddressController
FNF:1
FNH:0
FNDA:0,makeFindAddressController
DA:1,1
DA:2,1
DA:3,1
DA:4,1
DA:5,1
DA:6,1
DA:7,0
DA:8,0
DA:9,0
DA:10,0
DA:11,0
LF:11
LH:6
BRF:0
BRH:0
end_of_record
TN:
SF:src/main/factories/controllers/media/index.ts
FNF:0
FNH:0
DA:1,0
LF:1
LH:0
BRDA:1,0,0,0
BRF:1
BRH:0
end_of_record
TN:
SF:src/main/factories/controllers/media/makeCalculateMediaController.ts
FN:5,makeCalculateMediaController
FNF:1
FNH:0
FNDA:0,makeCalculateMediaController
DA:1,1
DA:2,1
DA:3,1
DA:4,1
DA:5,1
DA:6,0
DA:7,0
DA:8,0
DA:9,0
LF:9
LH:5
BRF:0
BRH:0
end_of_record
TN:
SF:src/main/factories/validations/index.ts
FNF:0
FNH:0
DA:1,0
DA:2,0
LF:2
LH:0
BRDA:1,0,0,0
BRDA:2,1,0,0
BRF:2
BRH:0
end_of_record
TN:
SF:src/main/factories/validations/makeCalculateMediaValidator.ts
FN:4,makeCalculateMediaValidation
FNF:1
FNH:1
FNDA:1,makeCalculateMediaValidation
DA:1,1
DA:2,1
DA:3,1
DA:4,1
DA:5,1
DA:6,1
DA:7,2
DA:8,2
DA:9,1
DA:10,1
DA:11,1
DA:12,1
LF:12
LH:12
BRDA:4,0,0,1
BRDA:6,1,0,2
BRF:2
BRH:2
end_of_record
TN:
SF:src/main/factories/validations/makeCepValidation.ts
FN:4,makeCepValidation
FNF:1
FNH:1
FNDA:1,makeCepValidation
DA:1,1
DA:2,1
DA:3,1
DA:4,1
DA:5,1
DA:6,1
DA:7,1
DA:8,1
DA:9,1
LF:9
LH:9
BRDA:4,0,0,1
BRF:1
BRH:1
end_of_record
TN:
SF:src/presentation/index.ts
FNF:0
FNH:0
DA:1,0
DA:2,0
DA:3,0
DA:4,1
LF:4
LH:1
BRDA:1,0,0,0
BRDA:2,1,0,0
BRDA:3,2,0,0
BRF:3
BRH:0
end_of_record
TN:
SF:src/presentation/controllers/index.ts
FNF:0
FNH:0
DA:1,0
DA:2,0
LF:2
LH:0
BRDA:1,0,0,0
BRDA:2,1,0,0
BRF:2
BRH:0
end_of_record
TN:
SF:src/presentation/controllers/cep/findAddressController.ts
FN:7,handle
FN:6,FindAddressController
FNF:2
FNH:2
FNDA:2,handle
FNDA:2,FindAddressController
DA:1,1
DA:2,1
DA:3,1
DA:4,1
DA:5,1
DA:6,1
DA:7,1
DA:8,2
DA:9,2
DA:10,2
DA:11,1
DA:12,1
DA:13,1
DA:14,1
DA:15,1
DA:16,2
DA:17,0
DA:18,0
DA:19,0
DA:20,1
DA:21,1
DA:22,1
DA:23,1
DA:24,1
DA:25,1
DA:26,1
LF:26
LH:23
BRDA:7,0,0,2
BRDA:10,1,0,1
BRDA:16,2,0,0
BRDA:6,3,0,2
BRF:4
BRH:3
end_of_record
TN:
SF:src/presentation/controllers/cep/index.ts
FNF:0
FNH:0
DA:1,0
LF:1
LH:0
BRDA:1,0,0,0
BRF:1
BRH:0
end_of_record
TN:
SF:src/presentation/controllers/media/calculateMediaController.ts
FN:8,handle
FN:6,CalculateMediaController
FNF:2
FNH:2
FNDA:2,handle
FNDA:2,CalculateMediaController
DA:1,1
DA:2,1
DA:3,1
DA:4,1
DA:5,1
DA:6,1
DA:7,1
DA:8,1
DA:9,2
DA:10,2
DA:11,2
DA:12,1
DA:13,1
DA:14,1
DA:15,1
DA:16,1
DA:17,2
DA:18,0
DA:19,0
DA:20,0
DA:21,1
DA:22,1
DA:23,1
DA:24,1
DA:25,1
DA:26,1
DA:27,1
DA:28,1
LF:28
LH:25
BRDA:8,0,0,2
BRDA:11,1,0,1
BRDA:17,2,0,0
BRDA:6,3,0,2
BRF:4
BRH:3
end_of_record
TN:
SF:src/presentation/controllers/media/index.ts
FNF:0
FNH:0
DA:1,0
LF:1
LH:0
BRDA:1,0,0,0
BRF:1
BRH:0
end_of_record
TN:
SF:src/presentation/errors/index.ts
FNF:0
FNH:0
DA:1,0
DA:2,0
DA:3,0
LF:3
LH:0
BRDA:1,0,0,0
BRDA:2,1,0,0
BRDA:3,2,0,0
BRF:3
BRH:0
end_of_record
TN:
SF:src/presentation/errors/invalidParamError.ts
FN:2,InvalidParamError
FNF:1
FNH:1
FNDA:2,InvalidParamError
DA:1,1
DA:2,1
DA:3,2
DA:4,2
DA:5,1
LF:5
LH:5
BRDA:2,0,0,2
BRF:1
BRH:1
end_of_record
TN:
SF:src/presentation/errors/missingParamError.ts
FN:2,MissingParamError
FNF:1
FNH:1
FNDA:2,MissingParamError
DA:1,1
DA:2,1
DA:3,2
DA:4,2
DA:5,1
LF:5
LH:5
BRDA:2,0,0,2
BRF:1
BRH:1
end_of_record
TN:
SF:src/presentation/errors/serverError.ts
FN:2,ServerError
FNF:1
FNH:1
FNDA:1,ServerError
DA:1,1
DA:2,1
DA:3,1
DA:4,1
DA:5,1
DA:6,1
DA:7,1
LF:7
LH:7
BRDA:2,0,0,1
BRF:1
BRH:1
end_of_record
TN:
SF:src/presentation/helpers/httpHelpers.ts
FN:5,badRequest
FN:13,serverError
FN:22,ok
FNF:3
FNH:3
FNDA:1,badRequest
FNDA:1,serverError
FNDA:1,ok
DA:1,1
DA:2,1
DA:3,1
DA:4,1
DA:5,1
DA:6,1
DA:7,1
DA:8,1
DA:9,1
DA:10,1
DA:11,1
DA:12,1
DA:13,1
DA:14,1
DA:15,1
DA:16,1
DA:17,1
DA:18,1
DA:19,1
DA:20,1
DA:21,1
DA:22,1
DA:23,1
DA:24,1
DA:25,1
DA:26,1
DA:27,1
DA:28,1
LF:28
LH:28
BRDA:5,0,0,1
BRDA:13,1,0,1
BRDA:22,2,0,1
BRF:3
BRH:3
end_of_record
TN:
SF:src/presentation/helpers/index.ts
FNF:0
FNH:0
DA:1,0
LF:1
LH:0
BRDA:1,0,0,0
BRF:1
BRH:0
end_of_record
TN:
SF:src/presentation/protocols/IController.ts
FNF:0
FNH:0
DA:1,1
DA:2,1
DA:3,1
DA:4,1
DA:5,1
LF:5
LH:5
BRF:0
BRH:0
end_of_record
TN:
SF:src/presentation/protocols/IValidation.ts
FNF:0
FNH:0
DA:1,1
DA:2,1
DA:3,1
LF:3
LH:3
BRF:0
BRH:0
end_of_record
TN:
SF:src/presentation/protocols/http.ts
FNF:0
FNH:0
DA:1,1
DA:2,1
DA:3,1
DA:4,1
LF:4
LH:4
BRF:0
BRH:0
end_of_record
TN:
SF:src/presentation/protocols/index.ts
FNF:0
FNH:0
DA:1,1
DA:2,1
DA:3,1
LF:3
LH:3
BRF:0
BRH:0
end_of_record
TN:
SF:src/usecases/index.ts
FNF:0
FNH:0
DA:1,0
DA:2,0
LF:2
LH:0
BRDA:1,0,0,0
BRDA:2,1,0,0
BRF:2
BRH:0
end_of_record
TN:
SF:src/usecases/calculateMediaUseCase/ICalculateMedia.ts
FNF:0
FNH:0
DA:1,1
DA:2,1
DA:3,1
LF:3
LH:3
BRF:0
BRH:0
end_of_record
TN:
SF:src/usecases/calculateMediaUseCase/calculateMedia.ts
FN:4,execute
FNF:1
FNH:1
FNDA:2,execute
DA:1,1
DA:2,1
DA:3,1
DA:4,1
DA:5,2
DA:6,0
DA:7,1
LF:7
LH:6
BRDA:4,0,0,2
BRDA:6,1,0,0
BRF:2
BRH:1
end_of_record
TN:
SF:src/usecases/calculateMediaUseCase/index.ts
FNF:0
FNH:0
DA:1,1
DA:2,0
LF:2
LH:1
BRDA:2,0,0,0
BRF:1
BRH:0
end_of_record
TN:
SF:src/usecases/findAddressUseCase/IFindAddress.ts
FNF:0
FNH:0
DA:1,1
DA:2,1
DA:3,1
DA:4,1
DA:5,1
LF:5
LH:5
BRF:0
BRH:0
end_of_record
TN:
SF:src/usecases/findAddressUseCase/findAddress.ts
FN:7,execute
FN:6,FindAddress
FNF:2
FNH:2
FNDA:2,execute
FNDA:1,FindAddress
DA:1,1
DA:2,1
DA:3,1
DA:4,1
DA:5,1
DA:6,1
DA:7,1
DA:8,2
DA:9,2
DA:10,1
DA:11,1
DA:12,1
DA:13,1
DA:14,2
DA:15,0
DA:16,1
DA:17,1
LF:17
LH:16
BRDA:7,0,0,2
BRDA:9,1,0,1
BRDA:15,2,0,0
BRDA:6,3,0,1
BRF:4
BRH:3
end_of_record
TN:
SF:src/usecases/findAddressUseCase/index.ts
FNF:0
FNH:0
DA:1,1
DA:2,0
LF:2
LH:1
BRDA:2,0,0,0
BRF:1
BRH:0
end_of_record
TN:
SF:src/validation/index.ts
FNF:0
FNH:0
DA:1,0
DA:2,0
DA:3,1
DA:4,0
DA:5,0
LF:5
LH:1
BRDA:1,0,0,0
BRDA:2,1,0,0
BRDA:4,2,0,0
BRDA:5,3,0,0
BRF:4
BRH:0
end_of_record
TN:
SF:src/validation/requiredFieldValidation.ts
FN:7,validate
FN:5,RequiredFieldValidation
FNF:2
FNH:2
FNDA:3,validate
FNDA:1,RequiredFieldValidation
DA:1,1
DA:2,1
DA:3,1
DA:4,1
DA:5,1
DA:6,1
DA:7,1
DA:8,3
DA:9,1
DA:10,1
DA:11,2
DA:12,2
DA:13,1
LF:13
LH:13
BRDA:7,0,0,3
BRDA:8,1,0,1
BRDA:11,2,0,2
BRDA:5,3,0,1
BRF:4
BRH:4
end_of_record
TN:
SF:src/validation/validationComposite.ts
FN:6,validate
FN:4,ValidationComposite
FNF:2
FNH:2
FNDA:3,validate
FNDA:1,ValidationComposite
DA:1,1
DA:2,1
DA:3,1
DA:4,1
DA:5,1
DA:6,1
DA:7,3
DA:8,5
DA:9,5
DA:10,2
DA:11,2
DA:12,5
DA:13,1
DA:14,1
DA:15,1
LF:15
LH:15
BRDA:6,0,0,3
BRDA:7,1,0,5
BRDA:9,2,0,2
BRDA:13,3,0,1
BRDA:4,4,0,1
BRF:5
BRH:5
end_of_record
TN:
SF:src/validation/cep/cepValidation.ts
FN:11,validate
FN:6,CepValidation
FNF:2
FNH:2
FNDA:2,validate
FNDA:1,CepValidation
DA:1,1
DA:2,1
DA:3,1
DA:4,1
DA:5,1
DA:6,1
DA:7,1
DA:8,1
DA:9,1
DA:10,1
DA:11,1
DA:12,2
DA:13,2
DA:14,1
DA:15,1
DA:16,1
DA:17,1
DA:18,1
LF:18
LH:18
BRDA:11,0,0,2
BRDA:13,1,0,1
BRDA:6,2,0,1
BRF:3
BRH:3
end_of_record
TN:
SF:src/validation/cep/cepValidator.ts
FN:4,isValid
FNF:1
FNH:1
FNDA:2,isValid
DA:1,1
DA:2,1
DA:3,1
DA:4,1
DA:5,2
DA:6,1
DA:7,1
DA:8,1
DA:9,1
DA:10,1
DA:11,1
LF:11
LH:11
BRDA:4,0,0,2
BRDA:5,1,0,1
BRDA:5,2,0,1
BRF:3
BRH:3
end_of_record
TN:
SF:src/validation/cep/index.ts
FNF:0
FNH:0
DA:1,0
DA:2,0
LF:2
LH:0
BRDA:1,0,0,0
BRDA:2,1,0,0
BRF:2
BRH:0
end_of_record
TN:
SF:src/validation/media/index.ts
FNF:0
FNH:0
DA:1,0
DA:2,0
LF:2
LH:0
BRDA:1,0,0,0
BRDA:2,1,0,0
BRF:2
BRH:0
end_of_record
TN:
SF:src/validation/media/numberValidation.ts
FN:11,validate
FN:6,NumberValidation
FNF:2
FNH:2
FNDA:4,validate
FNDA:2,NumberValidation
DA:1,1
DA:2,1
DA:3,1
DA:4,1
DA:5,1
DA:6,1
DA:7,2
DA:8,2
DA:9,2
DA:10,1
DA:11,1
DA:12,4
DA:13,4
DA:14,1
DA:15,1
DA:16,3
DA:17,3
DA:18,1
LF:18
LH:18
BRDA:11,0,0,4
BRDA:13,1,0,1
BRDA:16,2,0,3
BRDA:6,3,0,2
BRF:4
BRH:4
end_of_record
TN:
SF:src/validation/media/numberValidator.ts
FN:4,isValid
FNF:1
FNH:1
FNDA:4,isValid
DA:1,1
DA:2,1
DA:3,1
DA:4,1
DA:5,4
DA:6,1
DA:7,1
DA:8,3
DA:9,3
DA:10,1
LF:10
LH:10
BRDA:4,0,0,4
BRDA:5,1,0,1
BRDA:8,2,0,3
BRF:3
BRH:3
end_of_record
TN:
SF:src/validation/protocols/ICepValidator.ts
FNF:0
FNH:0
DA:1,1
DA:2,1
DA:3,1
LF:3
LH:3
BRF:0
BRH:0
end_of_record
TN:
SF:src/validation/protocols/INumberValidator.ts
FNF:0
FNH:0
DA:1,1
DA:2,1
DA:3,1
LF:3
LH:3
BRF:0
BRH:0
end_of_record
TN:
SF:src/validation/protocols/index.ts
FNF:0
FNH:0
DA:1,1
DA:2,1
LF:2
LH:2
BRF:0
BRH:0
end_of_record
