TN:
SF:src/logger.ts
FNF:0
FNH:0
DA:1,1
DA:2,1
DA:3,1
DA:4,1
DA:5,1
DA:6,1
DA:7,1
DA:8,1
LF:8
LH:8
BRF:0
BRH:0
end_of_record
TN:
SF:src/adapters/adpterRoute.ts
FN:4,adapterRoute
FNF:1
FNH:0
FNDA:0,adapterRoute
DA:1,1
DA:2,1
DA:3,1
DA:4,1
DA:5,0
DA:6,0
DA:7,0
DA:8,0
DA:9,0
DA:10,0
DA:11,0
DA:12,0
DA:13,0
DA:14,0
DA:15,0
DA:16,0
DA:17,0
DA:18,0
DA:19,0
LF:19
LH:4
BRF:0
BRH:0
end_of_record
TN:
SF:src/adapters/index.ts
FNF:0
FNH:0
DA:1,0
DA:2,0
LF:2
LH:0
BRDA:1,0,0,0
BRDA:2,1,0,0
BRF:2
BRH:0
end_of_record
TN:
SF:src/adapters/numberValidator.ts
FN:4,isValid
FNF:1
FNH:1
FNDA:4,isValid
DA:1,1
DA:2,1
DA:3,1
DA:4,1
DA:5,4
DA:6,1
DA:7,1
DA:8,3
DA:9,3
DA:10,1
LF:10
LH:10
BRDA:4,0,0,4
BRDA:5,1,0,1
BRDA:8,2,0,3
BRF:3
BRH:3
end_of_record
TN:
SF:src/controllers/IController.ts
FNF:0
FNH:0
DA:1,1
DA:2,1
DA:3,1
DA:4,1
DA:5,1
LF:5
LH:5
BRF:0
BRH:0
end_of_record
TN:
SF:src/controllers/calculateMediaController.ts
FN:11,handle
FN:9,CalculateMediaController
FNF:2
FNH:2
FNDA:2,handle
FNDA:2,CalculateMediaController
DA:1,1
DA:2,1
DA:3,1
DA:4,1
DA:5,1
DA:6,1
DA:7,1
DA:8,1
DA:9,1
DA:10,1
DA:11,1
DA:12,2
DA:13,2
DA:14,2
DA:15,1
DA:16,1
DA:17,1
DA:18,1
DA:19,1
DA:20,2
DA:21,0
DA:22,0
DA:23,0
DA:24,1
DA:25,1
DA:26,1
DA:27,1
DA:28,1
DA:29,1
DA:30,1
DA:31,1
LF:31
LH:28
BRDA:11,0,0,2
BRDA:14,1,0,1
BRDA:20,2,0,0
BRDA:9,3,0,2
BRF:4
BRH:3
end_of_record
TN:
SF:src/controllers/index.ts
FNF:0
FNH:0
DA:1,1
DA:2,0
LF:2
LH:1
BRDA:2,0,0,0
BRF:1
BRH:0
end_of_record
TN:
SF:src/errors/index.ts
FNF:0
FNH:0
DA:1,0
DA:2,0
DA:3,0
LF:3
LH:0
BRDA:1,0,0,0
BRDA:2,1,0,0
BRDA:3,2,0,0
BRF:3
BRH:0
end_of_record
TN:
SF:src/errors/invalidParamError.ts
FN:2,InvalidParamError
FNF:1
FNH:1
FNDA:2,InvalidParamError
DA:1,1
DA:2,1
DA:3,2
DA:4,2
DA:5,1
LF:5
LH:5
BRDA:2,0,0,2
BRF:1
BRH:1
end_of_record
TN:
SF:src/errors/missingParamError.ts
FN:2,MissingParamError
FNF:1
FNH:1
FNDA:2,MissingParamError
DA:1,1
DA:2,1
DA:3,2
DA:4,2
DA:5,1
LF:5
LH:5
BRDA:2,0,0,2
BRF:1
BRH:1
end_of_record
TN:
SF:src/errors/serverError.ts
FN:2,ServerError
FNF:1
FNH:1
FNDA:1,ServerError
DA:1,1
DA:2,1
DA:3,1
DA:4,1
DA:5,1
DA:6,1
DA:7,1
LF:7
LH:7
BRDA:2,0,0,1
BRF:1
BRH:1
end_of_record
TN:
SF:src/factories/index.ts
FNF:0
FNH:0
DA:1,0
DA:2,0
LF:2
LH:0
BRDA:1,0,0,0
BRDA:2,1,0,0
BRF:2
BRH:0
end_of_record
TN:
SF:src/factories/makeCalculateMediaController.ts
FN:5,makeCalculateMediaController
FNF:1
FNH:0
FNDA:0,makeCalculateMediaController
DA:1,1
DA:2,1
DA:3,1
DA:4,1
DA:5,1
DA:6,0
DA:7,0
DA:8,0
DA:9,0
LF:9
LH:5
BRF:0
BRH:0
end_of_record
TN:
SF:src/factories/makeCalculateMediaValidator.ts
FN:4,makeCalculateMediaValidation
FNF:1
FNH:1
FNDA:1,makeCalculateMediaValidation
DA:1,1
DA:2,1
DA:3,1
DA:4,1
DA:5,1
DA:6,1
DA:7,2
DA:8,2
DA:9,1
DA:10,1
DA:11,1
DA:12,1
LF:12
LH:12
BRDA:4,0,0,1
BRDA:6,1,0,2
BRF:2
BRH:2
end_of_record
TN:
SF:src/helpers/httpHelpers.ts
FN:5,badRequest
FN:13,serverError
FN:22,ok
FNF:3
FNH:3
FNDA:1,badRequest
FNDA:1,serverError
FNDA:1,ok
DA:1,1
DA:2,1
DA:3,1
DA:4,1
DA:5,1
DA:6,1
DA:7,1
DA:8,1
DA:9,1
DA:10,1
DA:11,1
DA:12,1
DA:13,1
DA:14,1
DA:15,1
DA:16,1
DA:17,1
DA:18,1
DA:19,1
DA:20,1
DA:21,1
DA:22,1
DA:23,1
DA:24,1
DA:25,1
DA:26,1
DA:27,1
DA:28,1
LF:28
LH:28
BRDA:5,0,0,1
BRDA:13,1,0,1
BRDA:22,2,0,1
BRF:3
BRH:3
end_of_record
TN:
SF:src/helpers/index.ts
FNF:0
FNH:0
DA:1,0
LF:1
LH:0
BRDA:1,0,0,0
BRF:1
BRH:0
end_of_record
TN:
SF:src/usecases/calculateMediaUseCase/ICalculateMedia.ts
FNF:0
FNH:0
DA:1,1
DA:2,1
DA:3,1
LF:3
LH:3
BRF:0
BRH:0
end_of_record
TN:
SF:src/usecases/calculateMediaUseCase/calculateMedia.ts
FN:4,execute
FNF:1
FNH:1
FNDA:2,execute
DA:1,1
DA:2,1
DA:3,1
DA:4,1
DA:5,2
DA:6,0
DA:7,1
LF:7
LH:6
BRDA:4,0,0,2
BRDA:6,1,0,0
BRF:2
BRH:1
end_of_record
TN:
SF:src/usecases/calculateMediaUseCase/index.ts
FNF:0
FNH:0
DA:1,1
DA:2,0
LF:2
LH:1
BRDA:2,0,0,0
BRF:1
BRH:0
end_of_record
TN:
SF:src/validation/IValidation.ts
FNF:0
FNH:0
DA:1,1
DA:2,1
DA:3,1
LF:3
LH:3
BRF:0
BRH:0
end_of_record
TN:
SF:src/validation/index.ts
FNF:0
FNH:0
DA:1,1
DA:2,1
DA:3,0
DA:4,0
LF:4
LH:2
BRDA:3,0,0,0
BRDA:4,1,0,0
BRF:2
BRH:0
end_of_record
TN:
SF:src/validation/validationComposite.ts
FN:6,validate
FN:4,ValidationComposite
FNF:2
FNH:2
FNDA:3,validate
FNDA:1,ValidationComposite
DA:1,1
DA:2,1
DA:3,1
DA:4,1
DA:5,1
DA:6,1
DA:7,3
DA:8,10
DA:9,10
DA:10,2
DA:11,2
DA:12,10
DA:13,1
DA:14,1
DA:15,1
LF:15
LH:15
BRDA:6,0,0,3
BRDA:7,1,0,10
BRDA:9,2,0,2
BRDA:13,3,0,1
BRDA:4,4,0,1
BRF:5
BRH:5
end_of_record
TN:
SF:src/validation/protocols/INumberValidator.ts
FNF:0
FNH:0
DA:1,1
DA:2,1
DA:3,1
LF:3
LH:3
BRF:0
BRH:0
end_of_record
TN:
SF:src/validation/protocols/index.ts
FNF:0
FNH:0
DA:1,1
LF:1
LH:1
BRF:0
BRH:0
end_of_record
TN:
SF:src/validation/validations/index.ts
FNF:0
FNH:0
DA:1,0
DA:2,0
LF:2
LH:0
BRDA:1,0,0,0
BRDA:2,1,0,0
BRF:2
BRH:0
end_of_record
TN:
SF:src/validation/validations/numberValidation.ts
FN:11,validate
FN:6,NumberValidation
FNF:2
FNH:2
FNDA:4,validate
FNDA:2,NumberValidation
DA:1,1
DA:2,1
DA:3,1
DA:4,1
DA:5,1
DA:6,1
DA:7,2
DA:8,2
DA:9,2
DA:10,1
DA:11,1
DA:12,4
DA:13,4
DA:14,1
DA:15,1
DA:16,3
DA:17,3
DA:18,1
LF:18
LH:18
BRDA:11,0,0,4
BRDA:13,1,0,1
BRDA:16,2,0,3
BRDA:6,3,0,2
BRF:4
BRH:4
end_of_record
TN:
SF:src/validation/validations/requiredFieldValidation.ts
FN:7,validate
FN:5,RequiredFieldValidation
FNF:2
FNH:2
FNDA:6,validate
FNDA:2,RequiredFieldValidation
DA:1,1
DA:2,1
DA:3,1
DA:4,1
DA:5,1
DA:6,1
DA:7,1
DA:8,6
DA:9,1
DA:10,1
DA:11,5
DA:12,5
DA:13,1
LF:13
LH:13
BRDA:7,0,0,6
BRDA:8,1,0,1
BRDA:11,2,0,5
BRDA:5,3,0,2
BRF:4
BRH:4
end_of_record
